<?xml version="1.0" encoding="UTF-8"?>
<testng-results ignored="0" total="1" passed="1" failed="0" skipped="0">
  <reporter-output>
  </reporter-output>
  <suite started-at="2020-08-21T15:41:24 IST" name="Suite" finished-at="2020-08-21T15:42:00 IST" duration-ms="35605">
    <groups>
    </groups>
    <test started-at="2020-08-21T15:41:24 IST" name="Test" finished-at="2020-08-21T15:42:00 IST" duration-ms="35605">
      <class name="ResMan.RegressionE2E.CreateProspect">
        <test-method is-config="true" signature="initialogin()[pri:0, instance:ResMan.RegressionE2E.CreateProspect@4c60d6e9]" started-at="2020-08-21T15:41:24 IST" name="initialogin" finished-at="2020-08-21T15:41:47 IST" duration-ms="22932" status="PASS">
          <reporter-output>
          </reporter-output>
        </test-method> <!-- initialogin -->
        <test-method signature="newprospect()[pri:0, instance:ResMan.RegressionE2E.CreateProspect@4c60d6e9]" started-at="2020-08-21T15:41:47 IST" name="newprospect" finished-at="2020-08-21T15:41:55 IST" duration-ms="8378" status="PASS">
          <reporter-output>
          </reporter-output>
        </test-method> <!-- newprospect -->
        <test-method is-config="true" signature="tearDown()[pri:0, instance:ResMan.RegressionE2E.CreateProspect@4c60d6e9]" started-at="2020-08-21T15:41:55 IST" name="tearDown" finished-at="2020-08-21T15:42:00 IST" duration-ms="4217" status="PASS">
          <reporter-output>
          </reporter-output>
        </test-method> <!-- tearDown -->
      </class> <!-- ResMan.RegressionE2E.CreateProspect -->
    </test> <!-- Test -->
  </suite> <!-- Suite -->
</testng-results>
