<?xml version="1.0" encoding="UTF-8"?>
<!-- Generated by org.testng.reporters.JUnitXMLReporter -->
<testsuite ignored="0" hostname="DESKTOP-4H1N2J9" failures="1" tests="1" name="Prospect" time="33.595" errors="0" timestamp="2020-08-22T18:27:49 IST">
  <testcase classname="ResMan.RegressionE2E.CreateProspect" name="newprospect" time="8.398">
    <failure type="java.lang.AssertionError" message="expected [true] but found [false]">
      <![CDATA[java.lang.AssertionError: expected [true] but found [false]
at ResMan.RegressionE2E.CreateProspect.newprospect(CreateProspect.java:92)
at java.base/java.util.ArrayList.forEach(ArrayList.java:1507)
... Removed 34 stack frames]]>
    </failure>
  </testcase> <!-- newprospect -->
</testsuite> <!-- Prospect -->
