-------------------------------------------------------------------------------
Test set: TestSuite
-------------------------------------------------------------------------------
Tests run: 2, Failures: 1, Errors: 0, Skipped: 0, Time elapsed: 93.14 s <<< FAILURE! - in TestSuite
newprospect(ResMan.RegressionE2E.CreateProspect)  Time elapsed: 8.761 s  <<< FAILURE!
java.lang.AssertionError: expected [true] but found [false]
	at ResMan.RegressionE2E.CreateProspect.newprospect(CreateProspect.java:92)

