<?xml version="1.0" encoding="UTF-8"?>
<testng-results ignored="0" total="1" passed="1" failed="0" skipped="0">
  <reporter-output>
  </reporter-output>
  <suite started-at="2020-08-22T14:44:47 IST" name="Default suite" finished-at="2020-08-22T14:46:11 IST" duration-ms="84226">
    <groups>
    </groups>
    <test started-at="2020-08-22T14:44:47 IST" name="Default test" finished-at="2020-08-22T14:46:11 IST" duration-ms="84226">
      <class name="ResMan.RegressionE2E.NewTransactionResident">
        <test-method is-config="true" signature="initialogin()[pri:0, instance:ResMan.RegressionE2E.NewTransactionResident@79e4c792]" started-at="2020-08-22T14:44:47 IST" name="initialogin" finished-at="2020-08-22T14:45:41 IST" duration-ms="53839" status="PASS">
          <reporter-output>
          </reporter-output>
        </test-method> <!-- initialogin -->
        <test-method signature="residentNewtransaction()[pri:0, instance:ResMan.RegressionE2E.NewTransactionResident@79e4c792]" started-at="2020-08-22T14:45:41 IST" name="residentNewtransaction" finished-at="2020-08-22T14:46:11 IST" duration-ms="30323" status="PASS">
          <reporter-output>
          </reporter-output>
        </test-method> <!-- residentNewtransaction -->
      </class> <!-- ResMan.RegressionE2E.NewTransactionResident -->
    </test> <!-- Default test -->
  </suite> <!-- Default suite -->
</testng-results>
